C51 COMPILER V9.60.0.0   KEY                                                               12/31/2022 21:52:42 PAGE 1   


C51 COMPILER V9.60.0.0, COMPILATION OF MODULE KEY
OBJECT MODULE PLACED IN .\Objects\key.obj
COMPILER INVOKED BY: D:\Keil\C51\BIN\C51.EXE key.c OPTIMIZE(8,SPEED) BROWSE DEBUG OBJECTEXTEND PRINT(.\Listings\key.lst)
                    - TABS(2) OBJECT(.\Objects\key.obj)

line level    source

   1          #include <STC15F2K60S2.H>
   2          #include"delay.h"
   3          
   4          unsigned char Key()
   5          {
   6   1        unsigned char KeyNumber=0;
   7   1        
   8   1      //  if(P3_1==0){delay(20);while(P3_1==0);delay(20);KeyNumber=1;}
   9   1      //  if(P3_0==0){delay(20);while(P3_0==0);delay(20);KeyNumber=2;}
  10   1      //  if(P3_2==0){delay(20);while(P3_2==0);delay(20);KeyNumber=3;}
  11   1      //  if(P3_3==0){delay(20);while(P3_3==0);delay(20);KeyNumber=4;}
  12   1      
  13   1        return KeyNumber;
  14   1      
  15   1      
  16   1      }


MODULE INFORMATION:   STATIC OVERLAYABLE
   CODE SIZE        =      3    ----
   CONSTANT SIZE    =   ----    ----
   XDATA SIZE       =   ----    ----
   PDATA SIZE       =   ----    ----
   DATA SIZE        =   ----    ----
   IDATA SIZE       =   ----    ----
   BIT SIZE         =   ----    ----
END OF MODULE INFORMATION.


C51 COMPILATION COMPLETE.  0 WARNING(S),  0 ERROR(S)
